Wed May 14 12:17:10 CDT 2014 :
	java.sql.SQLException: Column 'EFILE' not found.
	org.apache.derby.impl.jdbc.SQLExceptionFactory40.getSQLException(Unknown Source)
	org.apache.derby.impl.jdbc.Util.newEmbedSQLException(Unknown Source)
	org.apache.derby.impl.jdbc.Util.newEmbedSQLException(Unknown Source)
	org.apache.derby.impl.jdbc.Util.generateCsSQLException(Unknown Source)
	org.apache.derby.impl.jdbc.EmbedConnection.newSQLException(Unknown Source)
	org.apache.derby.impl.jdbc.ConnectionChild.newSQLException(Unknown Source)
	org.apache.derby.impl.jdbc.EmbedResultSet.findColumnName(Unknown Source)
	org.apache.derby.impl.jdbc.EmbedResultSet.getString(Unknown Source)
	attendease.util.FrameController.initInventory(FrameController.java:186)
	attendease.util.FrameController.<init>(FrameController.java:59)
	attendease.util.Start.initVariables(Start.java:105)
	attendease.util.Start.main(Start.java:60)
----------
Wed May 14 12:17:57 CDT 2014 :
	java.sql.SQLException: Column 'EFILE' not found.
	org.apache.derby.impl.jdbc.SQLExceptionFactory40.getSQLException(Unknown Source)
	org.apache.derby.impl.jdbc.Util.newEmbedSQLException(Unknown Source)
	org.apache.derby.impl.jdbc.Util.newEmbedSQLException(Unknown Source)
	org.apache.derby.impl.jdbc.Util.generateCsSQLException(Unknown Source)
	org.apache.derby.impl.jdbc.EmbedConnection.newSQLException(Unknown Source)
	org.apache.derby.impl.jdbc.ConnectionChild.newSQLException(Unknown Source)
	org.apache.derby.impl.jdbc.EmbedResultSet.findColumnName(Unknown Source)
	org.apache.derby.impl.jdbc.EmbedResultSet.getString(Unknown Source)
	attendease.util.FrameController.initInventory(FrameController.java:186)
	attendease.util.FrameController.<init>(FrameController.java:59)
	attendease.util.Start.initVariables(Start.java:105)
	attendease.util.Start.main(Start.java:60)
----------
Wed May 14 12:32:09 CDT 2014 :
	java.sql.SQLException: Table/View 'WOLFFJAMESATTENDEDMEETINGS' already exists in Schema 'ATTENDEASE'.
	org.apache.derby.impl.jdbc.SQLExceptionFactory40.getSQLException(Unknown Source)
	org.apache.derby.impl.jdbc.Util.generateCsSQLException(Unknown Source)
	org.apache.derby.impl.jdbc.TransactionResourceImpl.wrapInSQLException(Unknown Source)
	org.apache.derby.impl.jdbc.TransactionResourceImpl.handleException(Unknown Source)
	org.apache.derby.impl.jdbc.EmbedConnection.handleException(Unknown Source)
	org.apache.derby.impl.jdbc.ConnectionChild.handleException(Unknown Source)
	org.apache.derby.impl.jdbc.EmbedStatement.executeStatement(Unknown Source)
	org.apache.derby.impl.jdbc.EmbedStatement.execute(Unknown Source)
	org.apache.derby.impl.jdbc.EmbedStatement.executeUpdate(Unknown Source)
	attendease.database.Database.addStudent(Database.java:175)
	attendease.database.Database.addStudents(Database.java:158)
	attendease.gui.GroupGUI$5.run(GroupGUI.java:293)
	java.lang.Thread.run(Thread.java:722)
----------
Wed May 14 12:32:09 CDT 2014 :
	java.sql.SQLException: Table/View 'CHANDLERTIMOTHYATTENDEDMEETINGS' already exists in Schema 'ATTENDEASE'.
	org.apache.derby.impl.jdbc.SQLExceptionFactory40.getSQLException(Unknown Source)
	org.apache.derby.impl.jdbc.Util.generateCsSQLException(Unknown Source)
	org.apache.derby.impl.jdbc.TransactionResourceImpl.wrapInSQLException(Unknown Source)
	org.apache.derby.impl.jdbc.TransactionResourceImpl.handleException(Unknown Source)
	org.apache.derby.impl.jdbc.EmbedConnection.handleException(Unknown Source)
	org.apache.derby.impl.jdbc.ConnectionChild.handleException(Unknown Source)
	org.apache.derby.impl.jdbc.EmbedStatement.executeStatement(Unknown Source)
	org.apache.derby.impl.jdbc.EmbedStatement.execute(Unknown Source)
	org.apache.derby.impl.jdbc.EmbedStatement.executeUpdate(Unknown Source)
	attendease.database.Database.addStudent(Database.java:175)
	attendease.database.Database.addStudents(Database.java:158)
	attendease.gui.GroupGUI$5.run(GroupGUI.java:293)
	java.lang.Thread.run(Thread.java:722)
----------
Wed May 14 12:32:10 CDT 2014 :
	java.sql.SQLException: Table/View 'LONGSTERLINGATTENDEDMEETINGS' already exists in Schema 'ATTENDEASE'.
	org.apache.derby.impl.jdbc.SQLExceptionFactory40.getSQLException(Unknown Source)
	org.apache.derby.impl.jdbc.Util.generateCsSQLException(Unknown Source)
	org.apache.derby.impl.jdbc.TransactionResourceImpl.wrapInSQLException(Unknown Source)
	org.apache.derby.impl.jdbc.TransactionResourceImpl.handleException(Unknown Source)
	org.apache.derby.impl.jdbc.EmbedConnection.handleException(Unknown Source)
	org.apache.derby.impl.jdbc.ConnectionChild.handleException(Unknown Source)
	org.apache.derby.impl.jdbc.EmbedStatement.executeStatement(Unknown Source)
	org.apache.derby.impl.jdbc.EmbedStatement.execute(Unknown Source)
	org.apache.derby.impl.jdbc.EmbedStatement.executeUpdate(Unknown Source)
	attendease.database.Database.addStudent(Database.java:175)
	attendease.database.Database.addStudents(Database.java:158)
	attendease.gui.GroupGUI$5.run(GroupGUI.java:293)
	java.lang.Thread.run(Thread.java:722)
----------
Wed May 14 12:32:10 CDT 2014 :
	java.sql.SQLException: Table/View 'HOTSONMITCHELLATTENDEDMEETINGS' already exists in Schema 'ATTENDEASE'.
	org.apache.derby.impl.jdbc.SQLExceptionFactory40.getSQLException(Unknown Source)
	org.apache.derby.impl.jdbc.Util.generateCsSQLException(Unknown Source)
	org.apache.derby.impl.jdbc.TransactionResourceImpl.wrapInSQLException(Unknown Source)
	org.apache.derby.impl.jdbc.TransactionResourceImpl.handleException(Unknown Source)
	org.apache.derby.impl.jdbc.EmbedConnection.handleException(Unknown Source)
	org.apache.derby.impl.jdbc.ConnectionChild.handleException(Unknown Source)
	org.apache.derby.impl.jdbc.EmbedStatement.executeStatement(Unknown Source)
	org.apache.derby.impl.jdbc.EmbedStatement.execute(Unknown Source)
	org.apache.derby.impl.jdbc.EmbedStatement.executeUpdate(Unknown Source)
	attendease.database.Database.addStudent(Database.java:175)
	attendease.database.Database.addStudents(Database.java:158)
	attendease.gui.GroupGUI$5.run(GroupGUI.java:293)
	java.lang.Thread.run(Thread.java:722)
----------
Wed May 14 12:32:10 CDT 2014 :
	java.sql.SQLException: Table/View 'SERRANOOCTAVIOATTENDEDMEETINGS' already exists in Schema 'ATTENDEASE'.
	org.apache.derby.impl.jdbc.SQLExceptionFactory40.getSQLException(Unknown Source)
	org.apache.derby.impl.jdbc.Util.generateCsSQLException(Unknown Source)
	org.apache.derby.impl.jdbc.TransactionResourceImpl.wrapInSQLException(Unknown Source)
	org.apache.derby.impl.jdbc.TransactionResourceImpl.handleException(Unknown Source)
	org.apache.derby.impl.jdbc.EmbedConnection.handleException(Unknown Source)
	org.apache.derby.impl.jdbc.ConnectionChild.handleException(Unknown Source)
	org.apache.derby.impl.jdbc.EmbedStatement.executeStatement(Unknown Source)
	org.apache.derby.impl.jdbc.EmbedStatement.execute(Unknown Source)
	org.apache.derby.impl.jdbc.EmbedStatement.executeUpdate(Unknown Source)
	attendease.database.Database.addStudent(Database.java:175)
	attendease.database.Database.addStudents(Database.java:158)
	attendease.gui.GroupGUI$5.run(GroupGUI.java:293)
	java.lang.Thread.run(Thread.java:722)
----------
Wed May 14 12:32:10 CDT 2014 :
	java.sql.SQLException: Table/View 'FETTBOBAATTENDEDMEETINGS' already exists in Schema 'ATTENDEASE'.
	org.apache.derby.impl.jdbc.SQLExceptionFactory40.getSQLException(Unknown Source)
	org.apache.derby.impl.jdbc.Util.generateCsSQLException(Unknown Source)
	org.apache.derby.impl.jdbc.TransactionResourceImpl.wrapInSQLException(Unknown Source)
	org.apache.derby.impl.jdbc.TransactionResourceImpl.handleException(Unknown Source)
	org.apache.derby.impl.jdbc.EmbedConnection.handleException(Unknown Source)
	org.apache.derby.impl.jdbc.ConnectionChild.handleException(Unknown Source)
	org.apache.derby.impl.jdbc.EmbedStatement.executeStatement(Unknown Source)
	org.apache.derby.impl.jdbc.EmbedStatement.execute(Unknown Source)
	org.apache.derby.impl.jdbc.EmbedStatement.executeUpdate(Unknown Source)
	attendease.database.Database.addStudent(Database.java:175)
	attendease.database.Database.addStudents(Database.java:158)
	attendease.gui.GroupGUI$5.run(GroupGUI.java:293)
	java.lang.Thread.run(Thread.java:722)
----------
Wed May 14 12:32:11 CDT 2014 :
	java.sql.SQLException: Table/View 'SOLOHANATTENDEDMEETINGS' already exists in Schema 'ATTENDEASE'.
	org.apache.derby.impl.jdbc.SQLExceptionFactory40.getSQLException(Unknown Source)
	org.apache.derby.impl.jdbc.Util.generateCsSQLException(Unknown Source)
	org.apache.derby.impl.jdbc.TransactionResourceImpl.wrapInSQLException(Unknown Source)
	org.apache.derby.impl.jdbc.TransactionResourceImpl.handleException(Unknown Source)
	org.apache.derby.impl.jdbc.EmbedConnection.handleException(Unknown Source)
	org.apache.derby.impl.jdbc.ConnectionChild.handleException(Unknown Source)
	org.apache.derby.impl.jdbc.EmbedStatement.executeStatement(Unknown Source)
	org.apache.derby.impl.jdbc.EmbedStatement.execute(Unknown Source)
	org.apache.derby.impl.jdbc.EmbedStatement.executeUpdate(Unknown Source)
	attendease.database.Database.addStudent(Database.java:175)
	attendease.database.Database.addStudents(Database.java:158)
	attendease.gui.GroupGUI$5.run(GroupGUI.java:293)
	java.lang.Thread.run(Thread.java:722)
----------
Wed May 14 12:32:11 CDT 2014 :
	java.sql.SQLException: Table/View 'SKYWALKERLUKEATTENDEDMEETINGS' already exists in Schema 'ATTENDEASE'.
	org.apache.derby.impl.jdbc.SQLExceptionFactory40.getSQLException(Unknown Source)
	org.apache.derby.impl.jdbc.Util.generateCsSQLException(Unknown Source)
	org.apache.derby.impl.jdbc.TransactionResourceImpl.wrapInSQLException(Unknown Source)
	org.apache.derby.impl.jdbc.TransactionResourceImpl.handleException(Unknown Source)
	org.apache.derby.impl.jdbc.EmbedConnection.handleException(Unknown Source)
	org.apache.derby.impl.jdbc.ConnectionChild.handleException(Unknown Source)
	org.apache.derby.impl.jdbc.EmbedStatement.executeStatement(Unknown Source)
	org.apache.derby.impl.jdbc.EmbedStatement.execute(Unknown Source)
	org.apache.derby.impl.jdbc.EmbedStatement.executeUpdate(Unknown Source)
	attendease.database.Database.addStudent(Database.java:175)
	attendease.database.Database.addStudents(Database.java:158)
	attendease.gui.GroupGUI$5.run(GroupGUI.java:293)
	java.lang.Thread.run(Thread.java:722)
----------
Wed May 14 12:32:11 CDT 2014 :
	java.sql.SQLException: Table/View 'KENOBIOBIWANATTENDEDMEETINGS' already exists in Schema 'ATTENDEASE'.
	org.apache.derby.impl.jdbc.SQLExceptionFactory40.getSQLException(Unknown Source)
	org.apache.derby.impl.jdbc.Util.generateCsSQLException(Unknown Source)
	org.apache.derby.impl.jdbc.TransactionResourceImpl.wrapInSQLException(Unknown Source)
	org.apache.derby.impl.jdbc.TransactionResourceImpl.handleException(Unknown Source)
	org.apache.derby.impl.jdbc.EmbedConnection.handleException(Unknown Source)
	org.apache.derby.impl.jdbc.ConnectionChild.handleException(Unknown Source)
	org.apache.derby.impl.jdbc.EmbedStatement.executeStatement(Unknown Source)
	org.apache.derby.impl.jdbc.EmbedStatement.execute(Unknown Source)
	org.apache.derby.impl.jdbc.EmbedStatement.executeUpdate(Unknown Source)
	attendease.database.Database.addStudent(Database.java:175)
	attendease.database.Database.addStudents(Database.java:158)
	attendease.gui.GroupGUI$5.run(GroupGUI.java:293)
	java.lang.Thread.run(Thread.java:722)
----------
Wed May 14 12:32:12 CDT 2014 :
	java.sql.SQLException: Table/View 'WHODOCTORATTENDEDMEETINGS' already exists in Schema 'ATTENDEASE'.
	org.apache.derby.impl.jdbc.SQLExceptionFactory40.getSQLException(Unknown Source)
	org.apache.derby.impl.jdbc.Util.generateCsSQLException(Unknown Source)
	org.apache.derby.impl.jdbc.TransactionResourceImpl.wrapInSQLException(Unknown Source)
	org.apache.derby.impl.jdbc.TransactionResourceImpl.handleException(Unknown Source)
	org.apache.derby.impl.jdbc.EmbedConnection.handleException(Unknown Source)
	org.apache.derby.impl.jdbc.ConnectionChild.handleException(Unknown Source)
	org.apache.derby.impl.jdbc.EmbedStatement.executeStatement(Unknown Source)
	org.apache.derby.impl.jdbc.EmbedStatement.execute(Unknown Source)
	org.apache.derby.impl.jdbc.EmbedStatement.executeUpdate(Unknown Source)
	attendease.database.Database.addStudent(Database.java:175)
	attendease.database.Database.addStudents(Database.java:158)
	attendease.gui.GroupGUI$5.run(GroupGUI.java:293)
	java.lang.Thread.run(Thread.java:722)
----------
Wed May 14 12:32:12 CDT 2014 :
	java.sql.SQLException: Table/View 'MANSUPERATTENDEDMEETINGS' already exists in Schema 'ATTENDEASE'.
	org.apache.derby.impl.jdbc.SQLExceptionFactory40.getSQLException(Unknown Source)
	org.apache.derby.impl.jdbc.Util.generateCsSQLException(Unknown Source)
	org.apache.derby.impl.jdbc.TransactionResourceImpl.wrapInSQLException(Unknown Source)
	org.apache.derby.impl.jdbc.TransactionResourceImpl.handleException(Unknown Source)
	org.apache.derby.impl.jdbc.EmbedConnection.handleException(Unknown Source)
	org.apache.derby.impl.jdbc.ConnectionChild.handleException(Unknown Source)
	org.apache.derby.impl.jdbc.EmbedStatement.executeStatement(Unknown Source)
	org.apache.derby.impl.jdbc.EmbedStatement.execute(Unknown Source)
	org.apache.derby.impl.jdbc.EmbedStatement.executeUpdate(Unknown Source)
	attendease.database.Database.addStudent(Database.java:175)
	attendease.database.Database.addStudents(Database.java:158)
	attendease.gui.GroupGUI$5.run(GroupGUI.java:293)
	java.lang.Thread.run(Thread.java:722)
----------
Wed May 14 12:32:12 CDT 2014 :
	java.sql.SQLException: Table/View 'HULKTHEINCREDIBLEATTENDEDMEETINGS' already exists in Schema 'ATTENDEASE'.
	org.apache.derby.impl.jdbc.SQLExceptionFactory40.getSQLException(Unknown Source)
	org.apache.derby.impl.jdbc.Util.generateCsSQLException(Unknown Source)
	org.apache.derby.impl.jdbc.TransactionResourceImpl.wrapInSQLException(Unknown Source)
	org.apache.derby.impl.jdbc.TransactionResourceImpl.handleException(Unknown Source)
	org.apache.derby.impl.jdbc.EmbedConnection.handleException(Unknown Source)
	org.apache.derby.impl.jdbc.ConnectionChild.handleException(Unknown Source)
	org.apache.derby.impl.jdbc.EmbedStatement.executeStatement(Unknown Source)
	org.apache.derby.impl.jdbc.EmbedStatement.execute(Unknown Source)
	org.apache.derby.impl.jdbc.EmbedStatement.executeUpdate(Unknown Source)
	attendease.database.Database.addStudent(Database.java:175)
	attendease.database.Database.addStudents(Database.java:158)
	attendease.gui.GroupGUI$5.run(GroupGUI.java:293)
	java.lang.Thread.run(Thread.java:722)
----------
Wed May 14 12:32:12 CDT 2014 :
	java.sql.SQLException: Table/View 'REYNOLDSMALCOMATTENDEDMEETINGS' already exists in Schema 'ATTENDEASE'.
	org.apache.derby.impl.jdbc.SQLExceptionFactory40.getSQLException(Unknown Source)
	org.apache.derby.impl.jdbc.Util.generateCsSQLException(Unknown Source)
	org.apache.derby.impl.jdbc.TransactionResourceImpl.wrapInSQLException(Unknown Source)
	org.apache.derby.impl.jdbc.TransactionResourceImpl.handleException(Unknown Source)
	org.apache.derby.impl.jdbc.EmbedConnection.handleException(Unknown Source)
	org.apache.derby.impl.jdbc.ConnectionChild.handleException(Unknown Source)
	org.apache.derby.impl.jdbc.EmbedStatement.executeStatement(Unknown Source)
	org.apache.derby.impl.jdbc.EmbedStatement.execute(Unknown Source)
	org.apache.derby.impl.jdbc.EmbedStatement.executeUpdate(Unknown Source)
	attendease.database.Database.addStudent(Database.java:175)
	attendease.database.Database.addStudents(Database.java:158)
	attendease.gui.GroupGUI$5.run(GroupGUI.java:293)
	java.lang.Thread.run(Thread.java:722)
----------
Wed May 14 12:32:13 CDT 2014 :
	java.sql.SQLException: Table/View 'POOLDEADATTENDEDMEETINGS' already exists in Schema 'ATTENDEASE'.
	org.apache.derby.impl.jdbc.SQLExceptionFactory40.getSQLException(Unknown Source)
	org.apache.derby.impl.jdbc.Util.generateCsSQLException(Unknown Source)
	org.apache.derby.impl.jdbc.TransactionResourceImpl.wrapInSQLException(Unknown Source)
	org.apache.derby.impl.jdbc.TransactionResourceImpl.handleException(Unknown Source)
	org.apache.derby.impl.jdbc.EmbedConnection.handleException(Unknown Source)
	org.apache.derby.impl.jdbc.ConnectionChild.handleException(Unknown Source)
	org.apache.derby.impl.jdbc.EmbedStatement.executeStatement(Unknown Source)
	org.apache.derby.impl.jdbc.EmbedStatement.execute(Unknown Source)
	org.apache.derby.impl.jdbc.EmbedStatement.executeUpdate(Unknown Source)
	attendease.database.Database.addStudent(Database.java:175)
	attendease.database.Database.addStudents(Database.java:158)
	attendease.gui.GroupGUI$5.run(GroupGUI.java:293)
	java.lang.Thread.run(Thread.java:722)
----------
Wed May 14 12:32:13 CDT 2014 :
	java.sql.SQLException: Table/View 'RAHLRICHARDATTENDEDMEETINGS' already exists in Schema 'ATTENDEASE'.
	org.apache.derby.impl.jdbc.SQLExceptionFactory40.getSQLException(Unknown Source)
	org.apache.derby.impl.jdbc.Util.generateCsSQLException(Unknown Source)
	org.apache.derby.impl.jdbc.TransactionResourceImpl.wrapInSQLException(Unknown Source)
	org.apache.derby.impl.jdbc.TransactionResourceImpl.handleException(Unknown Source)
	org.apache.derby.impl.jdbc.EmbedConnection.handleException(Unknown Source)
	org.apache.derby.impl.jdbc.ConnectionChild.handleException(Unknown Source)
	org.apache.derby.impl.jdbc.EmbedStatement.executeStatement(Unknown Source)
	org.apache.derby.impl.jdbc.EmbedStatement.execute(Unknown Source)
	org.apache.derby.impl.jdbc.EmbedStatement.executeUpdate(Unknown Source)
	attendease.database.Database.addStudent(Database.java:175)
	attendease.database.Database.addStudents(Database.java:158)
	attendease.gui.GroupGUI$5.run(GroupGUI.java:293)
	java.lang.Thread.run(Thread.java:722)
----------
Wed May 14 12:32:13 CDT 2014 :
	java.sql.SQLException: Table/View 'ZEROATTENDEDMEETINGS' already exists in Schema 'ATTENDEASE'.
	org.apache.derby.impl.jdbc.SQLExceptionFactory40.getSQLException(Unknown Source)
	org.apache.derby.impl.jdbc.Util.generateCsSQLException(Unknown Source)
	org.apache.derby.impl.jdbc.TransactionResourceImpl.wrapInSQLException(Unknown Source)
	org.apache.derby.impl.jdbc.TransactionResourceImpl.handleException(Unknown Source)
	org.apache.derby.impl.jdbc.EmbedConnection.handleException(Unknown Source)
	org.apache.derby.impl.jdbc.ConnectionChild.handleException(Unknown Source)
	org.apache.derby.impl.jdbc.EmbedStatement.executeStatement(Unknown Source)
	org.apache.derby.impl.jdbc.EmbedStatement.execute(Unknown Source)
	org.apache.derby.impl.jdbc.EmbedStatement.executeUpdate(Unknown Source)
	attendease.database.Database.addStudent(Database.java:175)
	attendease.database.Database.addStudents(Database.java:158)
	attendease.gui.GroupGUI$5.run(GroupGUI.java:293)
	java.lang.Thread.run(Thread.java:722)
----------
Wed May 14 12:32:13 CDT 2014 :
	java.sql.SQLException: Table/View 'MCCRAKENREXATTENDEDMEETINGS' already exists in Schema 'ATTENDEASE'.
	org.apache.derby.impl.jdbc.SQLExceptionFactory40.getSQLException(Unknown Source)
	org.apache.derby.impl.jdbc.Util.generateCsSQLException(Unknown Source)
	org.apache.derby.impl.jdbc.TransactionResourceImpl.wrapInSQLException(Unknown Source)
	org.apache.derby.impl.jdbc.TransactionResourceImpl.handleException(Unknown Source)
	org.apache.derby.impl.jdbc.EmbedConnection.handleException(Unknown Source)
	org.apache.derby.impl.jdbc.ConnectionChild.handleException(Unknown Source)
	org.apache.derby.impl.jdbc.EmbedStatement.executeStatement(Unknown Source)
	org.apache.derby.impl.jdbc.EmbedStatement.execute(Unknown Source)
	org.apache.derby.impl.jdbc.EmbedStatement.executeUpdate(Unknown Source)
	attendease.database.Database.addStudent(Database.java:175)
	attendease.database.Database.addStudents(Database.java:158)
	attendease.gui.GroupGUI$5.run(GroupGUI.java:293)
	java.lang.Thread.run(Thread.java:722)
----------
Wed May 14 12:32:14 CDT 2014 :
	java.sql.SQLException: Table/View 'EXGERMATTENDEDMEETINGS' already exists in Schema 'ATTENDEASE'.
	org.apache.derby.impl.jdbc.SQLExceptionFactory40.getSQLException(Unknown Source)
	org.apache.derby.impl.jdbc.Util.generateCsSQLException(Unknown Source)
	org.apache.derby.impl.jdbc.TransactionResourceImpl.wrapInSQLException(Unknown Source)
	org.apache.derby.impl.jdbc.TransactionResourceImpl.handleException(Unknown Source)
	org.apache.derby.impl.jdbc.EmbedConnection.handleException(Unknown Source)
	org.apache.derby.impl.jdbc.ConnectionChild.handleException(Unknown Source)
	org.apache.derby.impl.jdbc.EmbedStatement.executeStatement(Unknown Source)
	org.apache.derby.impl.jdbc.EmbedStatement.execute(Unknown Source)
	org.apache.derby.impl.jdbc.EmbedStatement.executeUpdate(Unknown Source)
	attendease.database.Database.addStudent(Database.java:175)
	attendease.database.Database.addStudents(Database.java:158)
	attendease.gui.GroupGUI$5.run(GroupGUI.java:293)
	java.lang.Thread.run(Thread.java:722)
----------
Wed May 21 11:11:09 CDT 2014 :
	java.sql.SQLException: Column 'identifier' not found.
	org.apache.derby.impl.jdbc.SQLExceptionFactory40.getSQLException(Unknown Source)
	org.apache.derby.impl.jdbc.Util.newEmbedSQLException(Unknown Source)
	org.apache.derby.impl.jdbc.Util.newEmbedSQLException(Unknown Source)
	org.apache.derby.impl.jdbc.Util.generateCsSQLException(Unknown Source)
	org.apache.derby.impl.jdbc.EmbedConnection.newSQLException(Unknown Source)
	org.apache.derby.impl.jdbc.ConnectionChild.newSQLException(Unknown Source)
	org.apache.derby.impl.jdbc.EmbedResultSet.findColumnName(Unknown Source)
	org.apache.derby.impl.jdbc.EmbedResultSet.getString(Unknown Source)
	attendease.util.Student.fillMeetingsAttended(Student.java:70)
	attendease.util.FrameController.initInventory(FrameController.java:194)
	attendease.util.FrameController.<init>(FrameController.java:59)
	attendease.util.Start.initVariables(Start.java:105)
	attendease.util.Start.main(Start.java:60)
----------
Wed May 21 11:11:10 CDT 2014 :
	java.sql.SQLException: Column 'identifier' not found.
	org.apache.derby.impl.jdbc.SQLExceptionFactory40.getSQLException(Unknown Source)
	org.apache.derby.impl.jdbc.Util.newEmbedSQLException(Unknown Source)
	org.apache.derby.impl.jdbc.Util.newEmbedSQLException(Unknown Source)
	org.apache.derby.impl.jdbc.Util.generateCsSQLException(Unknown Source)
	org.apache.derby.impl.jdbc.EmbedConnection.newSQLException(Unknown Source)
	org.apache.derby.impl.jdbc.ConnectionChild.newSQLException(Unknown Source)
	org.apache.derby.impl.jdbc.EmbedResultSet.findColumnName(Unknown Source)
	org.apache.derby.impl.jdbc.EmbedResultSet.getString(Unknown Source)
	attendease.util.Student.fillMeetingsAttended(Student.java:70)
	attendease.util.FrameController.initInventory(FrameController.java:194)
	attendease.util.FrameController.<init>(FrameController.java:59)
	attendease.util.Start.initVariables(Start.java:105)
	attendease.util.Start.main(Start.java:60)
----------
Wed May 21 11:11:10 CDT 2014 :
	java.sql.SQLException: Column 'identifier' not found.
	org.apache.derby.impl.jdbc.SQLExceptionFactory40.getSQLException(Unknown Source)
	org.apache.derby.impl.jdbc.Util.newEmbedSQLException(Unknown Source)
	org.apache.derby.impl.jdbc.Util.newEmbedSQLException(Unknown Source)
	org.apache.derby.impl.jdbc.Util.generateCsSQLException(Unknown Source)
	org.apache.derby.impl.jdbc.EmbedConnection.newSQLException(Unknown Source)
	org.apache.derby.impl.jdbc.ConnectionChild.newSQLException(Unknown Source)
	org.apache.derby.impl.jdbc.EmbedResultSet.findColumnName(Unknown Source)
	org.apache.derby.impl.jdbc.EmbedResultSet.getString(Unknown Source)
	attendease.util.Student.fillMeetingsAttended(Student.java:70)
	attendease.util.FrameController.initInventory(FrameController.java:194)
	attendease.util.FrameController.<init>(FrameController.java:59)
	attendease.util.Start.initVariables(Start.java:105)
	attendease.util.Start.main(Start.java:60)
----------
