Fri May 09 10:08:20 CDT 2014 : An Internal Communication Error Occurred With the Database
Fri May 09 10:08:58 CDT 2014 : A Database Error Occurred
Fri May 09 10:10:52 CDT 2014 : An Internal Communication Error Occurred With the Database
Fri May 09 10:12:23 CDT 2014 : Failed to create table 5, JohnnyAttendedMeetings
Fri May 09 10:12:24 CDT 2014 : Failed to create table Wolff, JamesAttendedMeetings
Fri May 09 10:13:15 CDT 2014 : A Database Error Occurred
Fri May 09 10:13:15 CDT 2014 : A Database Error Occurred
Fri May 09 10:13:15 CDT 2014 : A Database Error Occurred
Fri May 09 10:13:15 CDT 2014 : A Database Error Occurred
Fri May 09 10:13:15 CDT 2014 : A Database Error Occurred
Fri May 09 10:13:16 CDT 2014 : A Database Error Occurred
Fri May 09 10:13:16 CDT 2014 : A Database Error Occurred
Fri May 09 10:13:16 CDT 2014 : A Database Error Occurred
Fri May 09 10:13:16 CDT 2014 : A Database Error Occurred
Fri May 09 10:13:16 CDT 2014 : A Database Error Occurred
Fri May 09 10:13:16 CDT 2014 : A Database Error Occurred
Fri May 09 10:13:16 CDT 2014 : A Database Error Occurred
Fri May 09 10:13:16 CDT 2014 : A Database Error Occurred
Fri May 09 10:13:16 CDT 2014 : A Database Error Occurred
Fri May 09 10:13:16 CDT 2014 : A Database Error Occurred
Fri May 09 10:13:17 CDT 2014 : A Database Error Occurred
Fri May 09 10:13:17 CDT 2014 : A Database Error Occurred
Fri May 09 10:13:17 CDT 2014 : A Database Error Occurred
Fri May 09 10:13:17 CDT 2014 : A Database Error Occurred
Fri May 09 10:23:29 CDT 2014 : Unable to read from table: 5JohnnyAttendedMeetings
Fri May 09 10:23:29 CDT 2014 : Error retreiving existing Groups!
Fri May 09 10:23:54 CDT 2014 : Unable to delete table: 5, JohnnyAttendedMeetings
Fri May 09 10:28:54 CDT 2014 : Failed to create table Wolff, JamesAttendedMeetings
Fri May 09 10:28:54 CDT 2014 : Failed to create table Chandler, TimothyAttendedMeetings
Fri May 09 10:28:54 CDT 2014 : Failed to create table Long, SterlingAttendedMeetings
Fri May 09 10:28:54 CDT 2014 : Failed to create table Hotson, MitchellAttendedMeetings
Fri May 09 10:28:54 CDT 2014 : Failed to create table Serrano, OctavioAttendedMeetings
Fri May 09 10:28:55 CDT 2014 : Failed to create table Fett, BobaAttendedMeetings
Fri May 09 10:28:55 CDT 2014 : Failed to create table Solo, HanAttendedMeetings
Fri May 09 10:28:55 CDT 2014 : Failed to create table Skywalker, LukeAttendedMeetings
Fri May 09 10:28:55 CDT 2014 : Failed to create table Kenobi, Obi WanAttendedMeetings
Fri May 09 10:28:55 CDT 2014 : Failed to create table Who, DoctorAttendedMeetings
Fri May 09 10:28:56 CDT 2014 : Failed to create table man, SuperAttendedMeetings
Fri May 09 10:28:56 CDT 2014 : Failed to create table Hulk, The IncredibleAttendedMeetings
Fri May 09 10:28:56 CDT 2014 : Failed to create table Reynolds, MalcomAttendedMeetings
Fri May 09 10:28:56 CDT 2014 : Failed to create table pool, DeadAttendedMeetings
Fri May 09 10:28:56 CDT 2014 : Failed to create table Rahl, RichardAttendedMeetings
Fri May 09 10:28:57 CDT 2014 : Failed to create table ZeroAttendedMeetings
Fri May 09 10:28:57 CDT 2014 : Failed to create table McCraken, RexAttendedMeetings
Fri May 09 10:28:57 CDT 2014 : Failed to create table Wolff, JamesAttendedMeetings
Fri May 09 10:28:57 CDT 2014 : Failed to create table Chandler, TimothyAttendedMeetings
Fri May 09 10:28:58 CDT 2014 : Failed to create table Long, SterlingAttendedMeetings
Fri May 09 10:28:58 CDT 2014 : Failed to create table Hotson, MitchellAttendedMeetings
Fri May 09 10:28:58 CDT 2014 : Failed to create table Serrano, OctavioAttendedMeetings
Fri May 09 10:28:58 CDT 2014 : Failed to create table Fett, BobaAttendedMeetings
Fri May 09 10:29:00 CDT 2014 : Failed to create table Solo, HanAttendedMeetings
Fri May 09 10:29:00 CDT 2014 : Failed to create table Skywalker, LukeAttendedMeetings
Fri May 09 10:29:00 CDT 2014 : Failed to create table Kenobi, Obi WanAttendedMeetings
Fri May 09 10:29:01 CDT 2014 : Failed to create table Who, DoctorAttendedMeetings
Fri May 09 10:29:01 CDT 2014 : Failed to create table man, SuperAttendedMeetings
Fri May 09 10:29:01 CDT 2014 : Failed to create table Hulk, The IncredibleAttendedMeetings
Fri May 09 10:29:02 CDT 2014 : Failed to create table Reynolds, MalcomAttendedMeetings
Fri May 09 10:29:02 CDT 2014 : Failed to create table pool, DeadAttendedMeetings
Fri May 09 10:29:02 CDT 2014 : Failed to create table Rahl, RichardAttendedMeetings
Fri May 09 10:29:03 CDT 2014 : Failed to create table ZeroAttendedMeetings
Fri May 09 10:29:03 CDT 2014 : Failed to create table McCraken, RexAttendedMeetings
Fri May 09 10:29:35 CDT 2014 : Error retreiving existing Groups!
Tue May 13 10:03:19 CDT 2014 : Failed to create table Chandler, TimothyAttendedMeetings
Tue May 13 10:03:19 CDT 2014 : Failed to create table Fett, BobaAttendedMeetings
Tue May 13 10:03:19 CDT 2014 : Failed to create table Hotson, MitchellAttendedMeetings
Tue May 13 10:03:19 CDT 2014 : Failed to create table Hulk, The IncredibleAttendedMeetings
Tue May 13 10:03:19 CDT 2014 : Failed to create table Kenobi, Obi WanAttendedMeetings
Tue May 13 10:03:20 CDT 2014 : Failed to create table Long, SterlingAttendedMeetings
Tue May 13 10:03:20 CDT 2014 : Failed to create table McCraken, RexAttendedMeetings
Tue May 13 10:03:20 CDT 2014 : Failed to create table Rahl, RichardAttendedMeetings
Tue May 13 10:03:20 CDT 2014 : Failed to create table Reynolds, MalcomAttendedMeetings
Tue May 13 10:03:20 CDT 2014 : Failed to create table Serrano, OctavioAttendedMeetings
Tue May 13 10:03:20 CDT 2014 : Failed to create table Skywalker, LukeAttendedMeetings
Tue May 13 10:03:20 CDT 2014 : Failed to create table Solo, HanAttendedMeetings
Tue May 13 10:03:20 CDT 2014 : Failed to create table Who, DoctorAttendedMeetings
Tue May 13 10:03:20 CDT 2014 : Failed to create table Wolff, JamesAttendedMeetings
Tue May 13 10:03:20 CDT 2014 : Failed to create table ZeroAttendedMeetings
Tue May 13 10:03:21 CDT 2014 : Failed to create table ex, GermAttendedMeetings
Tue May 13 10:03:21 CDT 2014 : Failed to create table man, SuperAttendedMeetings
Tue May 13 10:03:21 CDT 2014 : Failed to create table pool, DeadAttendedMeetings
Tue May 13 10:03:58 CDT 2014 : Failed to add the Meeting with the identifier "0" to WolffJamesAttendedMeetings
Tue May 13 10:04:00 CDT 2014 : Failed to add the Meeting with the identifier "0" to ChandlerTimothyAttendedMeetings
Tue May 13 10:04:03 CDT 2014 : Failed to add the Meeting with the identifier "0" to WhoDoctorAttendedMeetings
Tue May 13 10:04:03 CDT 2014 : Failed to add the Meeting with the identifier "0" to HulkTheIncredibleAttendedMeetings
Tue May 13 10:04:03 CDT 2014 : Failed to add the Meeting with the identifier "0" to poolDeadAttendedMeetings
Tue May 13 10:04:04 CDT 2014 : Failed to add the Meeting with the identifier "0" to RahlRichardAttendedMeetings
Tue May 13 10:07:50 CDT 2014 : Unable to read from table: ChandlerTimothyAttendedMeetings
Tue May 13 10:07:50 CDT 2014 : Error retreiving existing Groups!
Tue May 13 10:08:38 CDT 2014 : Failed to create table Chandler, TimothyAttendedMeetings
Tue May 13 10:08:38 CDT 2014 : Failed to create table Fett, BobaAttendedMeetings
Tue May 13 10:08:38 CDT 2014 : Failed to create table Hotson, MitchellAttendedMeetings
Tue May 13 10:08:38 CDT 2014 : Failed to create table Hulk, The IncredibleAttendedMeetings
Tue May 13 10:08:38 CDT 2014 : Failed to create table Kenobi, Obi WanAttendedMeetings
Tue May 13 10:08:38 CDT 2014 : Failed to create table Long, SterlingAttendedMeetings
Tue May 13 10:08:38 CDT 2014 : Failed to create table McCraken, RexAttendedMeetings
Tue May 13 10:08:38 CDT 2014 : Failed to create table Rahl, RichardAttendedMeetings
Tue May 13 10:08:38 CDT 2014 : Failed to create table Reynolds, MalcomAttendedMeetings
Tue May 13 10:08:38 CDT 2014 : Failed to create table Serrano, OctavioAttendedMeetings
Tue May 13 10:08:38 CDT 2014 : Failed to create table Skywalker, LukeAttendedMeetings
Tue May 13 10:08:38 CDT 2014 : Failed to create table Solo, HanAttendedMeetings
Tue May 13 10:08:39 CDT 2014 : Failed to create table Who, DoctorAttendedMeetings
Tue May 13 10:08:39 CDT 2014 : Failed to create table Wolff, JamesAttendedMeetings
Tue May 13 10:08:39 CDT 2014 : Failed to create table ZeroAttendedMeetings
Tue May 13 10:08:39 CDT 2014 : Failed to create table ex, GermAttendedMeetings
Tue May 13 10:08:39 CDT 2014 : Failed to create table man, SuperAttendedMeetings
Tue May 13 10:08:39 CDT 2014 : Failed to create table pool, DeadAttendedMeetings
Tue May 13 10:11:59 CDT 2014 : Failed to create table Chandler, TimothyAttendedMeetings
Tue May 13 10:11:59 CDT 2014 : Failed to create table Fett, BobaAttendedMeetings
Tue May 13 10:11:59 CDT 2014 : Failed to create table Hotson, MitchellAttendedMeetings
Tue May 13 10:12:00 CDT 2014 : Failed to create table Hulk, The IncredibleAttendedMeetings
Tue May 13 10:12:00 CDT 2014 : Failed to create table Kenobi, Obi WanAttendedMeetings
Tue May 13 10:12:00 CDT 2014 : Failed to create table Long, SterlingAttendedMeetings
Tue May 13 10:12:01 CDT 2014 : Failed to create table McCraken, RexAttendedMeetings
Tue May 13 10:12:01 CDT 2014 : Failed to create table Rahl, RichardAttendedMeetings
Tue May 13 10:12:01 CDT 2014 : Failed to create table Reynolds, MalcomAttendedMeetings
Tue May 13 10:12:01 CDT 2014 : Failed to create table Serrano, OctavioAttendedMeetings
Tue May 13 10:12:02 CDT 2014 : Failed to create table Skywalker, LukeAttendedMeetings
Tue May 13 10:12:02 CDT 2014 : Failed to create table Solo, HanAttendedMeetings
Tue May 13 10:12:02 CDT 2014 : Failed to create table Who, DoctorAttendedMeetings
Tue May 13 10:12:03 CDT 2014 : Failed to create table Wolff, JamesAttendedMeetings
Tue May 13 10:12:03 CDT 2014 : Failed to create table ZeroAttendedMeetings
Tue May 13 10:12:03 CDT 2014 : Failed to create table ex, GermAttendedMeetings
Tue May 13 10:12:03 CDT 2014 : Failed to create table man, SuperAttendedMeetings
Tue May 13 10:12:04 CDT 2014 : Failed to create table pool, DeadAttendedMeetings
Wed May 14 11:19:09 CDT 2014 : Failed to create table Wolff, JamesAttendedMeetings
Wed May 14 11:19:10 CDT 2014 : Failed to create table Chandler, TimothyAttendedMeetings
Wed May 14 11:19:10 CDT 2014 : Failed to create table Long, SterlingAttendedMeetings
Wed May 14 11:19:10 CDT 2014 : Failed to create table Hotson, MitchellAttendedMeetings
Wed May 14 11:19:10 CDT 2014 : Failed to create table Serrano, OctavioAttendedMeetings
Wed May 14 11:19:11 CDT 2014 : Failed to create table Fett, BobaAttendedMeetings
Wed May 14 11:19:11 CDT 2014 : Failed to create table Solo, HanAttendedMeetings
Wed May 14 11:19:11 CDT 2014 : Failed to create table Skywalker, LukeAttendedMeetings
Wed May 14 11:19:11 CDT 2014 : Failed to create table Kenobi, Obi WanAttendedMeetings
Wed May 14 11:19:11 CDT 2014 : Failed to create table Who, DoctorAttendedMeetings
Wed May 14 11:19:12 CDT 2014 : Failed to create table man, SuperAttendedMeetings
Wed May 14 11:19:12 CDT 2014 : Failed to create table Hulk, The IncredibleAttendedMeetings
Wed May 14 11:19:12 CDT 2014 : Failed to create table Reynolds, MalcomAttendedMeetings
Wed May 14 11:19:12 CDT 2014 : Failed to create table pool, DeadAttendedMeetings
Wed May 14 11:19:13 CDT 2014 : Failed to create table Rahl, RichardAttendedMeetings
Wed May 14 11:19:13 CDT 2014 : Failed to create table ZeroAttendedMeetings
Wed May 14 11:19:13 CDT 2014 : Failed to create table McCraken, RexAttendedMeetings
Wed May 14 11:19:13 CDT 2014 : Failed to create table ex, GermAttendedMeetings
Wed May 14 12:17:10 CDT 2014 : Error retreiving existing Groups!
Wed May 14 12:17:57 CDT 2014 : Error retreiving existing Groups!
Wed May 14 12:32:09 CDT 2014 : Failed to create table Wolff, JamesAttendedMeetings
Wed May 14 12:32:10 CDT 2014 : Failed to create table Chandler, TimothyAttendedMeetings
Wed May 14 12:32:10 CDT 2014 : Failed to create table Long, SterlingAttendedMeetings
Wed May 14 12:32:10 CDT 2014 : Failed to create table Hotson, MitchellAttendedMeetings
Wed May 14 12:32:10 CDT 2014 : Failed to create table Serrano, OctavioAttendedMeetings
Wed May 14 12:32:11 CDT 2014 : Failed to create table Fett, BobaAttendedMeetings
Wed May 14 12:32:11 CDT 2014 : Failed to create table Solo, HanAttendedMeetings
Wed May 14 12:32:11 CDT 2014 : Failed to create table Skywalker, LukeAttendedMeetings
Wed May 14 12:32:11 CDT 2014 : Failed to create table Kenobi, Obi WanAttendedMeetings
Wed May 14 12:32:12 CDT 2014 : Failed to create table Who, DoctorAttendedMeetings
Wed May 14 12:32:12 CDT 2014 : Failed to create table man, SuperAttendedMeetings
Wed May 14 12:32:12 CDT 2014 : Failed to create table Hulk, The IncredibleAttendedMeetings
Wed May 14 12:32:12 CDT 2014 : Failed to create table Reynolds, MalcomAttendedMeetings
Wed May 14 12:32:13 CDT 2014 : Failed to create table pool, DeadAttendedMeetings
Wed May 14 12:32:13 CDT 2014 : Failed to create table Rahl, RichardAttendedMeetings
Wed May 14 12:32:13 CDT 2014 : Failed to create table ZeroAttendedMeetings
Wed May 14 12:32:13 CDT 2014 : Failed to create table McCraken, RexAttendedMeetings
Wed May 14 12:32:14 CDT 2014 : Failed to create table ex, GermAttendedMeetings
Wed May 21 11:11:10 CDT 2014 : An Error occured while retrieving Attended Meetings for student "Wolff, James" in the group "test0"!
Wed May 21 11:11:10 CDT 2014 : An Error occured while retrieving Attended Meetings for student "Chandler, Timothy" in the group "test0"!
Wed May 21 11:11:11 CDT 2014 : An Error occured while retrieving Attended Meetings for student "Long, Sterling" in the group "test0"!
